Ensuring DocNexus_v1.2.0.exe is not running...
Building DocNexus...
Running: D:\Code\DocNexusCorp\DocNexus\build\venv\Scripts\pyinstaller.exe --noconfirm --clean --name DocNexus_v1.2.0 --onefile --distpath D:\Code\DocNexusCorp\DocNexus\build\output --workpath D:\Code\DocNexusCorp\DocNexus\build\temp --specpath D:\Code\DocNexusCorp\DocNexus\build\spec --paths D:\Code\DocNexusCorp\DocNexus --icon D:\Code\DocNexusCorp\DocNexus\docnexus\static\logo.ico --add-data D:\Code\DocNexusCorp\DocNexus\docnexus\templates;docnexus/templates --add-data D:\Code\DocNexusCorp\DocNexus\docnexus\static;docnexus/static --hidden-import docnexus.version_info --hidden-import docnexus.features --hidden-import docnexus.features.smart_convert --hidden-import engineio.async_drivers.threading --hidden-import pymdownx --hidden-import pymdownx.betterem --hidden-import pymdownx.superfences --hidden-import pymdownx.tabbed --hidden-import pymdownx.details --hidden-import pymdownx.magiclink --hidden-import pymdownx.tasklist --hidden-import pymdownx.arithmatex --hidden-import pymdownx.highlight --hidden-import pymdownx.inlinehilite --hidden-import pymdownx.keys --hidden-import pymdownx.smartsymbols --hidden-import pymdownx.snippets --hidden-import pymdownx.tilde --hidden-import pymdownx.caret --hidden-import pymdownx.mark --hidden-import pymdownx.emoji --hidden-import pymdownx.saneheaders D:\Code\DocNexusCorp\DocNexus\docnexus\cli.py
494 INFO: PyInstaller: 6.17.0, contrib hooks: 2025.11
495 INFO: Python: 3.14.0
567 INFO: Platform: Windows-11-10.0.26100-SP0
567 INFO: Python environment: D:\Code\DocNexusCorp\DocNexus\build\venv
569 INFO: wrote D:\Code\DocNexusCorp\DocNexus\build\spec\DocNexus_v1.2.0.spec
574 INFO: Removing temporary files and cleaning cache in C:\Users\Suresh\AppData\Local\pyinstaller
577 INFO: Module search paths (PYTHONPATH):
['D:\\Code\\DocNexusCorp\\DocNexus\\build\\venv\\Scripts\\pyinstaller.exe',
 'C:\\Python314\\python314.zip',
 'C:\\Python314\\DLLs',
 'C:\\Python314\\Lib',
 'C:\\Python314',
 'D:\\Code\\DocNexusCorp\\DocNexus\\build\\venv',
 'D:\\Code\\DocNexusCorp\\DocNexus\\build\\venv\\Lib\\site-packages',
 '__editable__.docnexus-1.0.0.finder.__path_hook__',
 'D:\\Code\\DocNexusCorp\\DocNexus']
963 INFO: Appending 'datas' from .spec
965 INFO: checking Analysis
965 INFO: Building Analysis because Analysis-00.toc is non existent
965 INFO: Looking for Python shared library...
965 INFO: Using Python shared library: C:\Python314\python314.dll
965 INFO: Running Analysis Analysis-00.toc
965 INFO: Target bytecode optimization level: 0
965 INFO: Initializing module dependency graph...
968 INFO: Initializing module graph hook caches...
997 INFO: Analyzing modules for base_library.zip ...
2994 INFO: Processing standard module hook 'hook-encodings.py' from 'D:\\Code\\DocNexusCorp\\DocNexus\\build\\venv\\Lib\\site-packages\\PyInstaller\\hooks'
3933 INFO: Processing standard module hook 'hook-pickle.py' from 'D:\\Code\\DocNexusCorp\\DocNexus\\build\\venv\\Lib\\site-packages\\PyInstaller\\hooks'
4407 INFO: Processing standard module hook 'hook-difflib.py' from 'D:\\Code\\DocNexusCorp\\DocNexus\\build\\venv\\Lib\\site-packages\\PyInstaller\\hooks'
4423 INFO: Processing standard module hook 'hook-heapq.py' from 'D:\\Code\\DocNexusCorp\\DocNexus\\build\\venv\\Lib\\site-packages\\PyInstaller\\hooks'
7834 INFO: Caching module dependency graph...
7887 INFO: Analyzing D:\Code\DocNexusCorp\DocNexus\docnexus\cli.py
8504 INFO: Processing pre-safe-import-module hook 'hook-typing_extensions.py' from 'D:\\Code\\DocNexusCorp\\DocNexus\\build\\venv\\Lib\\site-packages\\PyInstaller\\hooks\\pre_safe_import_module'
8506 INFO: SetuptoolsInfo: initializing cached setuptools info...
14419 INFO: Processing standard module hook 'hook-multiprocessing.util.py' from 'D:\\Code\\DocNexusCorp\\DocNexus\\build\\venv\\Lib\\site-packages\\PyInstaller\\hooks'
14568 INFO: Processing standard module hook 'hook-xml.py' from 'D:\\Code\\DocNexusCorp\\DocNexus\\build\\venv\\Lib\\site-packages\\PyInstaller\\hooks'
14903 INFO: Processing standard module hook 'hook-_ctypes.py' from 'D:\\Code\\DocNexusCorp\\DocNexus\\build\\venv\\Lib\\site-packages\\PyInstaller\\hooks'
16107 INFO: Processing standard module hook 'hook-platform.py' from 'D:\\Code\\DocNexusCorp\\DocNexus\\build\\venv\\Lib\\site-packages\\PyInstaller\\hooks'
16383 INFO: Processing standard module hook 'hook-sysconfig.py' from 'D:\\Code\\DocNexusCorp\\DocNexus\\build\\venv\\Lib\\site-packages\\PyInstaller\\hooks'
17374 INFO: Processing standard module hook 'hook-jinja2.py' from 'D:\\Code\\DocNexusCorp\\DocNexus\\build\\venv\\Lib\\site-packages\\_pyinstaller_hooks_contrib\\stdhooks'
18486 INFO: Processing pre-safe-import-module hook 'hook-importlib_metadata.py' from 'D:\\Code\\DocNexusCorp\\DocNexus\\build\\venv\\Lib\\site-packages\\PyInstaller\\hooks\\pre_safe_import_module'
18488 INFO: Setuptools: 'importlib_metadata' appears to be a setuptools-vendored copy - creating alias to 'setuptools._vendor.importlib_metadata'!
18499 INFO: Processing standard module hook 'hook-setuptools.py' from 'D:\\Code\\DocNexusCorp\\DocNexus\\build\\venv\\Lib\\site-packages\\PyInstaller\\hooks'
18525 INFO: Processing pre-safe-import-module hook 'hook-distutils.py' from 'D:\\Code\\DocNexusCorp\\DocNexus\\build\\venv\\Lib\\site-packages\\PyInstaller\\hooks\\pre_safe_import_module'
18574 INFO: Processing pre-safe-import-module hook 'hook-jaraco.py' from 'D:\\Code\\DocNexusCorp\\DocNexus\\build\\venv\\Lib\\site-packages\\PyInstaller\\hooks\\pre_safe_import_module'
18575 INFO: Setuptools: 'jaraco' appears to be a full setuptools-vendored copy - creating alias to 'setuptools._vendor.jaraco'!
18589 INFO: Processing pre-safe-import-module hook 'hook-more_itertools.py' from 'D:\\Code\\DocNexusCorp\\DocNexus\\build\\venv\\Lib\\site-packages\\PyInstaller\\hooks\\pre_safe_import_module'
18590 INFO: Setuptools: 'more_itertools' appears to be a setuptools-vendored copy - creating alias to 'setuptools._vendor.more_itertools'!
18981 INFO: Processing pre-safe-import-module hook 'hook-packaging.py' from 'D:\\Code\\DocNexusCorp\\DocNexus\\build\\venv\\Lib\\site-packages\\PyInstaller\\hooks\\pre_safe_import_module'
19424 INFO: Processing standard module hook 'hook-setuptools._vendor.jaraco.text.py' from 'D:\\Code\\DocNexusCorp\\DocNexus\\build\\venv\\Lib\\site-packages\\PyInstaller\\hooks'
19427 INFO: Processing pre-safe-import-module hook 'hook-importlib_resources.py' from 'D:\\Code\\DocNexusCorp\\DocNexus\\build\\venv\\Lib\\site-packages\\PyInstaller\\hooks\\pre_safe_import_module'
19443 INFO: Processing pre-safe-import-module hook 'hook-backports.py' from 'D:\\Code\\DocNexusCorp\\DocNexus\\build\\venv\\Lib\\site-packages\\PyInstaller\\hooks\\pre_safe_import_module'
19445 INFO: Setuptools: 'backports' appears to be a full setuptools-vendored copy - creating alias to 'setuptools._vendor.backports'!
20083 INFO: Processing pre-safe-import-module hook 'hook-tomli.py' from 'D:\\Code\\DocNexusCorp\\DocNexus\\build\\venv\\Lib\\site-packages\\PyInstaller\\hooks\\pre_safe_import_module'
20084 INFO: Setuptools: 'tomli' appears to be a setuptools-vendored copy - creating alias to 'setuptools._vendor.tomli'!
20834 INFO: Processing pre-safe-import-module hook 'hook-wheel.py' from 'D:\\Code\\DocNexusCorp\\DocNexus\\build\\venv\\Lib\\site-packages\\PyInstaller\\hooks\\pre_safe_import_module'
21129 INFO: Processing standard module hook 'hook-setuptools._vendor.importlib_metadata.py' from 'D:\\Code\\DocNexusCorp\\DocNexus\\build\\venv\\Lib\\site-packages\\PyInstaller\\hooks'
21132 INFO: Processing pre-safe-import-module hook 'hook-zipp.py' from 'D:\\Code\\DocNexusCorp\\DocNexus\\build\\venv\\Lib\\site-packages\\PyInstaller\\hooks\\pre_safe_import_module'
21132 INFO: Setuptools: 'zipp' appears to be a setuptools-vendored copy - creating alias to 'setuptools._vendor.zipp'!
21193 INFO: Processing standard module hook 'hook-markdown.py' from 'D:\\Code\\DocNexusCorp\\DocNexus\\build\\venv\\Lib\\site-packages\\_pyinstaller_hooks_contrib\\stdhooks'
22087 INFO: Processing standard module hook 'hook-xml.etree.cElementTree.py' from 'D:\\Code\\DocNexusCorp\\DocNexus\\build\\venv\\Lib\\site-packages\\PyInstaller\\hooks'
22724 INFO: Processing standard module hook 'hook-charset_normalizer.py' from 'D:\\Code\\DocNexusCorp\\DocNexus\\build\\venv\\Lib\\site-packages\\_pyinstaller_hooks_contrib\\stdhooks'
22984 INFO: Processing standard module hook 'hook-lxml.py' from 'D:\\Code\\DocNexusCorp\\DocNexus\\build\\venv\\Lib\\site-packages\\_pyinstaller_hooks_contrib\\stdhooks'
23539 INFO: Processing standard module hook 'hook-lxml.etree.py' from 'D:\\Code\\DocNexusCorp\\DocNexus\\build\\venv\\Lib\\site-packages\\_pyinstaller_hooks_contrib\\stdhooks'
23595 INFO: Processing standard module hook 'hook-docx.py' from 'D:\\Code\\DocNexusCorp\\DocNexus\\build\\venv\\Lib\\site-packages\\_pyinstaller_hooks_contrib\\stdhooks'
24728 INFO: Processing standard module hook 'hook-xml.dom.domreg.py' from 'D:\\Code\\DocNexusCorp\\DocNexus\\build\\venv\\Lib\\site-packages\\PyInstaller\\hooks'
25142 INFO: Processing pre-find-module-path hook 'hook-tkinter.py' from 'D:\\Code\\DocNexusCorp\\DocNexus\\build\\venv\\Lib\\site-packages\\PyInstaller\\hooks\\pre_find_module_path'
25150 INFO: TclTkInfo: initializing cached Tcl/Tk info...
25733 INFO: Processing standard module hook 'hook-_tkinter.py' from 'D:\\Code\\DocNexusCorp\\DocNexus\\build\\venv\\Lib\\site-packages\\PyInstaller\\hooks'
25786 INFO: Analyzing hidden import 'engineio.async_drivers.threading'
25786 ERROR: Hidden import 'engineio.async_drivers.threading' not found
25786 INFO: Analyzing hidden import 'pymdownx'
25796 INFO: Analyzing hidden import 'pymdownx.betterem'
25821 INFO: Analyzing hidden import 'pymdownx.superfences'
25878 INFO: Analyzing hidden import 'pymdownx.tabbed'
25918 INFO: Analyzing hidden import 'pymdownx.details'
25925 INFO: Analyzing hidden import 'pymdownx.magiclink'
25974 INFO: Analyzing hidden import 'pymdownx.tasklist'
25980 INFO: Analyzing hidden import 'pymdownx.arithmatex'
25992 INFO: Analyzing hidden import 'pymdownx.highlight'
26018 INFO: Processing standard module hook 'hook-pygments.py' from 'D:\\Code\\DocNexusCorp\\DocNexus\\build\\venv\\Lib\\site-packages\\PyInstaller\\hooks'
27461 INFO: Analyzing hidden import 'pymdownx.inlinehilite'
27471 INFO: Analyzing hidden import 'pymdownx.keys'
27487 INFO: Analyzing hidden import 'pymdownx.smartsymbols'
27491 INFO: Analyzing hidden import 'pymdownx.snippets'
27509 INFO: Analyzing hidden import 'pymdownx.tilde'
27517 INFO: Analyzing hidden import 'pymdownx.caret'
27524 INFO: Analyzing hidden import 'pymdownx.mark'
27527 INFO: Analyzing hidden import 'pymdownx.emoji'
28530 INFO: Analyzing hidden import 'pymdownx.saneheaders'
28693 INFO: Processing module hooks (post-graph stage)...
29617 INFO: Processing standard module hook 'hook-lxml.isoschematron.py' from 'D:\\Code\\DocNexusCorp\\DocNexus\\build\\venv\\Lib\\site-packages\\_pyinstaller_hooks_contrib\\stdhooks'
29873 INFO: Processing standard module hook 'hook-PIL.py' from 'D:\\Code\\DocNexusCorp\\DocNexus\\build\\venv\\Lib\\site-packages\\PyInstaller\\hooks'
30035 INFO: Processing standard module hook 'hook-PIL.Image.py' from 'D:\\Code\\DocNexusCorp\\DocNexus\\build\\venv\\Lib\\site-packages\\PyInstaller\\hooks'
30708 INFO: Processing standard module hook 'hook-PIL.ImageFilter.py' from 'D:\\Code\\DocNexusCorp\\DocNexus\\build\\venv\\Lib\\site-packages\\PyInstaller\\hooks'
36487 INFO: Processing standard module hook 'hook-_tkinter.py' from 'D:\\Code\\DocNexusCorp\\DocNexus\\build\\venv\\Lib\\site-packages\\PyInstaller\\hooks'
36489 INFO: Processing standard module hook 'hook-lxml.objectify.py' from 'D:\\Code\\DocNexusCorp\\DocNexus\\build\\venv\\Lib\\site-packages\\_pyinstaller_hooks_contrib\\stdhooks'
36983 INFO: Processing standard module hook 'hook-PIL.SpiderImagePlugin.py' from 'D:\\Code\\DocNexusCorp\\DocNexus\\build\\venv\\Lib\\site-packages\\PyInstaller\\hooks'
37067 INFO: Performing binary vs. data reclassification (989 entries)
37380 INFO: Looking for ctypes DLLs
37450 INFO: Analyzing run-time hooks ...
37455 INFO: Including run-time hook 'pyi_rth_setuptools.py' from 'D:\\Code\\DocNexusCorp\\DocNexus\\build\\venv\\Lib\\site-packages\\PyInstaller\\hooks\\rthooks'
37459 INFO: Including run-time hook 'pyi_rth_pkgutil.py' from 'D:\\Code\\DocNexusCorp\\DocNexus\\build\\venv\\Lib\\site-packages\\PyInstaller\\hooks\\rthooks'
37462 INFO: Including run-time hook 'pyi_rth_inspect.py' from 'D:\\Code\\DocNexusCorp\\DocNexus\\build\\venv\\Lib\\site-packages\\PyInstaller\\hooks\\rthooks'
37466 INFO: Including run-time hook 'pyi_rth_multiprocessing.py' from 'D:\\Code\\DocNexusCorp\\DocNexus\\build\\venv\\Lib\\site-packages\\PyInstaller\\hooks\\rthooks'
37468 INFO: Including run-time hook 'pyi_rth__tkinter.py' from 'D:\\Code\\DocNexusCorp\\DocNexus\\build\\venv\\Lib\\site-packages\\PyInstaller\\hooks\\rthooks'
37510 INFO: Creating base_library.zip...
37535 INFO: Looking for dynamic libraries
39496 INFO: Extra DLL search directories (AddDllDirectory): []
39496 INFO: Extra DLL search directories (PATH): []
40108 INFO: Warnings written to D:\Code\DocNexusCorp\DocNexus\build\temp\DocNexus_v1.2.0\warn-DocNexus_v1.2.0.txt
40243 INFO: Graph cross-reference written to D:\Code\DocNexusCorp\DocNexus\build\temp\DocNexus_v1.2.0\xref-DocNexus_v1.2.0.html
40308 INFO: checking PYZ
40308 INFO: Building PYZ because PYZ-00.toc is non existent
40308 INFO: Building PYZ (ZlibArchive) D:\Code\DocNexusCorp\DocNexus\build\temp\DocNexus_v1.2.0\PYZ-00.pyz
41485 INFO: Building PYZ (ZlibArchive) D:\Code\DocNexusCorp\DocNexus\build\temp\DocNexus_v1.2.0\PYZ-00.pyz completed successfully.
41692 INFO: checking PKG
41692 INFO: Building PKG because PKG-00.toc is non existent
41693 INFO: Building PKG (CArchive) DocNexus_v1.2.0.pkg
44726 INFO: Building PKG (CArchive) DocNexus_v1.2.0.pkg completed successfully.
44744 INFO: Bootloader D:\Code\DocNexusCorp\DocNexus\build\venv\Lib\site-packages\PyInstaller\bootloader\Windows-64bit-intel\run.exe
44744 INFO: checking EXE
44744 INFO: Building EXE because EXE-00.toc is non existent
44744 INFO: Building EXE from EXE-00.toc
44745 INFO: Copying bootloader EXE to D:\Code\DocNexusCorp\DocNexus\build\output\DocNexus_v1.2.0.exe
45645 INFO: Copying icon to EXE
45708 INFO: Copying 0 resources to EXE
45708 INFO: Embedding manifest in EXE
45777 INFO: Appending PKG archive to EXE
46060 INFO: Fixing EXE headers
46611 INFO: Building EXE from EXE-00.toc completed successfully.
46633 INFO: Build complete! The results are available in: D:\Code\DocNexusCorp\DocNexus\build\output
Copying examples to dist: D:\Code\DocNexusCorp\DocNexus\build\output\examples
Copying docs to dist: D:\Code\DocNexusCorp\DocNexus\build\output\docs
Build Complete: D:\Code\DocNexusCorp\DocNexus\build\output\DocNexus_v1.2.0
